[debug] [2021-01-22T12:30:14.632Z] ----------------------------------------------------------------------
[debug] [2021-01-22T12:30:14.635Z] Command:       /usr/local/bin/node /usr/local/bin/firebase init --project=vue-nagesen-app-ca3c4
[debug] [2021-01-22T12:30:14.636Z] CLI Version:   9.2.2
[debug] [2021-01-22T12:30:14.636Z] Platform:      darwin
[debug] [2021-01-22T12:30:14.636Z] Node Version:  v12.18.3
[debug] [2021-01-22T12:30:14.637Z] Time:          Fri Jan 22 2021 21:30:14 GMT+0900 (GMT+09:00)
[debug] [2021-01-22T12:30:14.637Z] ----------------------------------------------------------------------
[debug] [2021-01-22T12:30:14.638Z] 
[debug] [2021-01-22T12:30:14.649Z] > command requires scopes: ["email","openid","https://www.googleapis.com/auth/cloudplatformprojects.readonly","https://www.googleapis.com/auth/firebase","https://www.googleapis.com/auth/cloud-platform"]
[debug] [2021-01-22T12:30:14.650Z] > authorizing via signed-in user
[info] 
     ######## #### ########  ######## ########     ###     ######  ########
     ##        ##  ##     ## ##       ##     ##  ##   ##  ##       ##
     ######    ##  ########  ######   ########  #########  ######  ######
     ##        ##  ##    ##  ##       ##     ## ##     ##       ## ##
     ##       #### ##     ## ######## ########  ##     ##  ######  ########

You're about to initialize a Firebase project in this directory:

  /Users/fukutomeyouhei/Documents/git/MENTA-kadai/vue-nagesen

[debug] [2021-01-22T12:31:07.130Z] TypeError: Cannot read property 'setRawMode' of null
    at ReadStream.setRawMode (tty.js:75:28)
    at Interface._setRawMode (readline.js:290:16)
    at Interface.close (readline.js:413:10)
    at ReadStream.ontermend (readline.js:201:10)
    at ReadStream.emit (events.js:327:22)
    at ReadStream.EventEmitter.emit (domain.js:483:12)
    at endReadableNT (_stream_readable.js:1220:12)
    at processTicksAndRejections (internal/process/task_queues.js:84:21)
